<?xml version="1.0" encoding="UTF-8"?>
<!-- Generated by org.testng.reporters.JUnitXMLReporter -->
<testsuite ignored="0" hostname="DESKTOP-FGTOVGJ" failures="0" tests="2" name="Default test" time="38.764" errors="0" timestamp="2023-12-19T12:32:41 IST">
  <testcase classname="com.harshi.testng_amazon.AmazonLinkVerificationCssSelectorTest" name="tdLinkTest1" time="5.03"/>
  <testcase classname="com.harshi.testng_amazon.AmazonLinkVerificationCssSelectorTest" name="tdLinkTest2" time="2.926"/>
</testsuite> <!-- Default test -->
