<?xml version="1.0" encoding="UTF-8"?>
<testng-results ignored="0" total="2" passed="2" failed="0" skipped="0">
  <reporter-output>
  </reporter-output>
  <suite started-at="2023-12-19T12:32:02 IST" name="Default suite" finished-at="2023-12-19T12:32:41 IST" duration-ms="38764">
    <groups>
    </groups>
    <test started-at="2023-12-19T12:32:02 IST" name="Default test" finished-at="2023-12-19T12:32:41 IST" duration-ms="38764">
      <class name="com.harshi.testng_amazon.AmazonLinkVerificationCssSelectorTest">
        <test-method is-config="true" signature="setUp()[pri:0, instance:com.harshi.testng_amazon.AmazonLinkVerificationCssSelectorTest@17497425]" started-at="2023-12-19T12:32:02 IST" name="setUp" finished-at="2023-12-19T12:32:16 IST" duration-ms="13479" status="PASS">
          <reporter-output>
          </reporter-output>
        </test-method> <!-- setUp -->
        <test-method signature="tdLinkTest1()[pri:0, instance:com.harshi.testng_amazon.AmazonLinkVerificationCssSelectorTest@17497425]" started-at="2023-12-19T12:32:16 IST" name="tdLinkTest1" description="Test Amazon Mobile Phones Title Match" finished-at="2023-12-19T12:32:21 IST" duration-ms="5030" status="PASS">
          <reporter-output>
          </reporter-output>
        </test-method> <!-- tdLinkTest1 -->
        <test-method is-config="true" signature="cleanUp()[pri:0, instance:com.harshi.testng_amazon.AmazonLinkVerificationCssSelectorTest@17497425]" started-at="2023-12-19T12:32:21 IST" name="cleanUp" finished-at="2023-12-19T12:32:25 IST" duration-ms="4498" status="PASS">
          <reporter-output>
          </reporter-output>
        </test-method> <!-- cleanUp -->
        <test-method is-config="true" signature="setUp()[pri:0, instance:com.harshi.testng_amazon.AmazonLinkVerificationCssSelectorTest@17497425]" started-at="2023-12-19T12:32:25 IST" name="setUp" finished-at="2023-12-19T12:32:34 IST" duration-ms="8902" status="PASS">
          <reporter-output>
          </reporter-output>
        </test-method> <!-- setUp -->
        <test-method signature="tdLinkTest2()[pri:0, instance:com.harshi.testng_amazon.AmazonLinkVerificationCssSelectorTest@17497425]" started-at="2023-12-19T12:32:34 IST" name="tdLinkTest2" description="Test Amazon Mobile Phones Title Match" finished-at="2023-12-19T12:32:37 IST" duration-ms="2926" status="PASS">
          <reporter-output>
          </reporter-output>
        </test-method> <!-- tdLinkTest2 -->
        <test-method is-config="true" signature="cleanUp()[pri:0, instance:com.harshi.testng_amazon.AmazonLinkVerificationCssSelectorTest@17497425]" started-at="2023-12-19T12:32:37 IST" name="cleanUp" finished-at="2023-12-19T12:32:41 IST" duration-ms="3625" status="PASS">
          <reporter-output>
          </reporter-output>
        </test-method> <!-- cleanUp -->
      </class> <!-- com.harshi.testng_amazon.AmazonLinkVerificationCssSelectorTest -->
    </test> <!-- Default test -->
  </suite> <!-- Default suite -->
</testng-results>
